SUCCESS: 2025/01/03 15:29:53 DBConnection.go:66: Connected to MongoDB successfully
SUCCESS: 2025/01/03 16:44:10 DBConnection.go:66: Connected to MongoDB successfully
SUCCESS: 2025/01/03 16:47:40 DBConnection.go:66: Connected to MongoDB successfully
SUCCESS: 2025/01/03 16:48:03 api_request.go:48: OUT-MFT - PON1100552 : updated to BLR server
SUCCESS: 2025/01/03 16:48:03 api_request.go:48: OUT-MFT - PON1301114 : updated to BLR server
SUCCESS: 2025/01/03 16:48:03 api_request.go:48: OUT-MFT - PON1301178 : updated to BLR server
SUCCESS: 2025/01/03 16:48:04 api_request.go:48: OUT-MFT - PON1301179 : updated to BLR server
SUCCESS: 2025/01/03 16:48:04 api_request.go:48: OUT-MFT - PON1301180 : updated to BLR server
SUCCESS: 2025/01/03 16:48:04 api_request.go:48: OUT-MFT - PON1301182 : updated to BLR server
SUCCESS: 2025/01/03 16:48:04 api_request.go:48: OUT-MFT - PON1402989 : updated to BLR server
SUCCESS: 2025/01/09 16:48:04 api_request.go:48: OUT-MFT - PON1301185 : updated to BLR server
SUCCESS: 2025/01/09 16:48:04 api_request.go:48: OUT-MFT - PON1402991 : updated to BLR server
SUCCESS: 2025/01/09 16:48:04 api_request.go:48: OUT-MFT - PON1402992 : updated to BLR server
SUCCESS: 2025/01/09 16:48:04 api_request.go:48: OUT-MFT - PON1301186 : updated to BLR server
SUCCESS: 2025/01/09 16:48:04 api_request.go:48: OUT-MFT - PON1402994 : updated to BLR server
SUCCESS: 2025/01/09 16:48:04 api_request.go:48: OUT-MFT - PON1301187 : updated to BLR server
SUCCESS: 2025/01/09 16:48:05 api_request.go:48: OUT-MFT - PON1402995 : updated to BLR server
SUCCESS: 2025/01/09 16:48:05 api_request.go:48: OUT-MFT - PON1402996 : updated to BLR server
SUCCESS: 2025/01/09 16:48:05 api_request.go:48: OUT-MFT - PON1402997 : updated to BLR server
SUCCESS: 2025/01/09 16:48:05 api_request.go:48: OUT-MFT - PON1402998 : updated to BLR server
SUCCESS: 2025/01/09 16:48:05 api_request.go:48: OUT-MFT - PON1403000 : updated to BLR server
SUCCESS: 2025/01/09 16:48:05 api_request.go:48: OUT-MFT - PON1301189 : updated to BLR server
SUCCESS: 2025/01/09 16:48:05 api_request.go:48: OUT-MFT - PON1403001 : updated to BLR server
SUCCESS: 2025/01/09 16:48:05 api_request.go:48: OUT-MFT - PON1301190 : updated to BLR server
SUCCESS: 2025/01/09 16:48:05 api_request.go:48: OUT-MFT - PON1403005 : updated to BLR server
SUCCESS: 2025/01/09 16:48:05 api_request.go:48: OUT-MFT - PON1301191 : updated to BLR server
SUCCESS: 2025/01/09 16:48:05 api_request.go:48: OUT-MFT - PON1403007 : updated to BLR server
SUCCESS: 2025/01/09 16:48:05 api_request.go:48: OUT-MFT - PON1403008 : updated to BLR server
SUCCESS: 2025/01/09 16:48:06 api_request.go:48: OUT-MFT - PON1403010 : updated to BLR server
SUCCESS: 2025/01/09 16:48:06 api_request.go:48: OUT-MFT - PON1403012 : updated to BLR server
SUCCESS: 2025/01/09 16:48:06 api_request.go:48: OUT-MFT - PON1403013 : updated to BLR server
SUCCESS: 2025/01/09 16:48:06 api_request.go:48: OUT-MFT - PON1403014 : updated to BLR server
SUCCESS: 2025/01/09 16:48:06 api_request.go:48: OUT-MFT - PON1403015 : updated to BLR server
SUCCESS: 2025/01/09 16:48:06 api_request.go:48: OUT-MFT - PON1403016 : updated to BLR server
SUCCESS: 2025/01/09 16:48:06 api_request.go:48: OUT-MFT - PON1403017 : updated to BLR server
SUCCESS: 2025/01/09 16:48:06 api_request.go:48: OUT-MFT - PON1403018 : updated to BLR server
SUCCESS: 2025/01/09 16:48:06 api_request.go:48: OUT-MFT - PON1403019 : updated to BLR server
SUCCESS: 2025/01/09 16:48:07 api_request.go:48: OUT-MFT - PON1403020 : updated to BLR server
SUCCESS: 2025/01/09 16:48:07 api_request.go:48: OUT-MFT - PON1301192 : updated to BLR server
SUCCESS: 2025/01/09 16:48:07 api_request.go:48: OUT-MFT - PON1301195 : updated to BLR server
SUCCESS: 2025/01/09 16:48:07 api_request.go:48: OUT-MFT - PON1301196 : updated to BLR server
SUCCESS: 2025/01/09 16:48:07 api_request.go:48: OUT-MFT - PON1403024 : updated to BLR server
SUCCESS: 2025/01/09 16:48:07 api_request.go:48: OUT-MFT - PON1403025 : updated to BLR server
SUCCESS: 2025/01/09 16:48:07 api_request.go:48: OUT-MFT - PON1301197 : updated to BLR server
SUCCESS: 2025/01/09 16:48:07 api_request.go:48: OUT-MFT - PON1403027 : updated to BLR server
SUCCESS: 2025/01/09 16:48:07 api_request.go:48: OUT-MFT - PON1301199 : updated to BLR server
SUCCESS: 2025/01/09 16:48:07 api_request.go:48: OUT-MFT - PON1403028 : updated to BLR server
SUCCESS: 2025/01/09 16:48:07 api_request.go:48: OUT-MFT - PON1301201 : updated to BLR server
SUCCESS: 2025/01/09 16:48:07 api_request.go:48: OUT-MFT - PON1403029 : updated to BLR server
SUCCESS: 2025/01/09 16:48:07 api_request.go:48: OUT-MFT - PON1301202 : updated to BLR server
SUCCESS: 2025/01/09 16:48:08 api_request.go:48: OUT-MFT - PON1403030 : updated to BLR server
SUCCESS: 2025/01/09 16:48:08 api_request.go:48: OUT-MFT - PON1403031 : updated to BLR server
SUCCESS: 2025/01/09 16:53:34 DBConnection.go:66: Connected to MongoDB successfully
SUCCESS: 2025/01/09 16:53:35 api_request.go:48: DRS-TD - AMD29713759 : updated to BLR server
SUCCESS: 2025/01/09 16:53:35 api_request.go:48: DRS-TD - AMD29766345 : updated to BLR server
SUCCESS: 2025/01/09 16:53:35 api_request.go:48: DRS-TD - AMT950419510 : updated to BLR server
SUCCESS: 2025/01/09 16:53:36 api_request.go:48: DRS-TD - ART222181 : updated to BLR server
SUCCESS: 2025/01/09 16:53:36 api_request.go:48: DRS-TD - BDG530148984 : updated to BLR server
SUCCESS: 2025/01/09 16:53:36 api_request.go:48: DRS-TD - BDG530148988 : updated to BLR server
SUCCESS: 2025/01/09 16:53:36 api_request.go:48: DRS-TD - BDQ2032753 : updated to BLR server
SUCCESS: 2025/01/09 16:53:36 api_request.go:48: DRS-TD - BLR1201255862 : updated to BLR server
SUCCESS: 2025/01/09 16:53:36 api_request.go:48: DRS-TD - BLR1401395083 : updated to BLR server
SUCCESS: 2025/01/09 16:53:36 api_request.go:48: DRS-TD - BLR1651042317 : updated to BLR server
SUCCESS: 2025/01/09 16:53:36 api_request.go:48: DRS-TD - BLR1651042338 : updated to BLR server
SUCCESS: 2025/01/09 16:53:36 api_request.go:48: DRS-TD - BLR1651042389 : updated to BLR server
SUCCESS: 2025/01/09 16:53:36 api_request.go:48: DRS-TD - BLR1651042579 : updated to BLR server
SUCCESS: 2025/01/09 16:53:37 api_request.go:48: DRS-TD - BLR1801778533 : updated to BLR server
SUCCESS: 2025/01/09 16:53:37 api_request.go:48: DRS-TD - BLR1801778750 : updated to BLR server
SUCCESS: 2025/01/09 16:53:37 api_request.go:48: DRS-TD - BLR205419915 : updated to BLR server
SUCCESS: 2025/01/09 16:53:37 api_request.go:48: DRS-TD - BLR245479028 : updated to BLR server
SUCCESS: 2025/01/09 16:53:37 api_request.go:48: DRS-TD - BLR2701074216 : updated to BLR server
SUCCESS: 2025/01/09 16:53:37 api_request.go:48: DRS-TD - BLR4150406857 : updated to BLR server
SUCCESS: 2025/01/09 16:53:37 api_request.go:48: DRS-TD - BLR415866835 : updated to BLR server
SUCCESS: 2025/01/09 16:53:37 api_request.go:48: DRS-TD - BLR4450595681 : updated to BLR server
SUCCESS: 2025/01/09 16:53:38 api_request.go:48: DRS-TD - BLR5100974418 : updated to BLR server
SUCCESS: 2025/01/09 16:53:38 api_request.go:48: DRS-TD - BLR5251056400 : updated to BLR server
SUCCESS: 2025/01/09 16:53:38 api_request.go:48: DRS-TD - BLR5251057052 : updated to BLR server
SUCCESS: 2025/01/09 16:53:38 api_request.go:48: DRS-TD - BNH621491 : updated to BLR server
SUCCESS: 2025/01/09 16:53:38 api_request.go:48: DRS-TD - BWD80157694 : updated to BLR server
SUCCESS: 2025/01/09 16:53:38 api_request.go:48: DRS-TD - CDM10223373 : updated to BLR server
SUCCESS: 2025/01/09 16:53:38 api_request.go:48: DRS-TD - CDM10223464 : updated to BLR server
SUCCESS: 2025/01/09 16:53:38 api_request.go:48: DRS-TD - CDM10223480 : updated to BLR server
SUCCESS: 2025/01/09 16:53:38 api_request.go:48: DRS-TD - CDM10223481 : updated to BLR server
SUCCESS: 2025/01/09 16:53:38 api_request.go:48: DRS-TD - CDM10223522 : updated to BLR server
SUCCESS: 2025/01/09 16:53:38 api_request.go:48: DRS-TD - CDM10223523 : updated to BLR server
SUCCESS: 2025/01/09 16:53:38 api_request.go:48: DRS-TD - CDM55295977 : updated to BLR server
SUCCESS: 2025/01/09 16:53:38 api_request.go:48: DRS-TD - CDM55296219 : updated to BLR server
SUCCESS: 2025/01/09 16:53:39 api_request.go:48: DRS-TD - CGL100081300 : updated to BLR server
SUCCESS: 2025/01/09 16:53:39 api_request.go:48: DRS-TD - CGL21041632 : updated to BLR server
SUCCESS: 2025/01/09 16:53:40 api_request.go:48: DRS-TD - CHN502541 : updated to BLR server
SUCCESS: 2025/01/09 16:53:40 api_request.go:48: DRS-TD - CJB521009696 : updated to BLR server
SUCCESS: 2025/01/09 16:53:40 api_request.go:48: DRS-TD - CJB521010733 : updated to BLR server
SUCCESS: 2025/01/09 16:53:40 api_request.go:48: DRS-TD - CJB521010787 : updated to BLR server
SUCCESS: 2025/01/09 16:53:40 api_request.go:48: DRS-TD - CJB521072353 : updated to BLR server
SUCCESS: 2025/01/09 16:53:40 api_request.go:48: DRS-TD - CJB521072689 : updated to BLR server
SUCCESS: 2025/01/09 16:53:40 api_request.go:48: DRS-TD - CJB521091656 : updated to BLR server
SUCCESS: 2025/01/09 16:53:40 api_request.go:48: DRS-TD - CJB521092635 : updated to BLR server
SUCCESS: 2025/01/09 16:53:40 api_request.go:48: DRS-TD - CJB521136602 : updated to BLR server
SUCCESS: 2025/01/09 16:53:40 api_request.go:48: DRS-TD - CMM946947 : updated to BLR server
SUCCESS: 2025/01/09 16:53:40 api_request.go:48: DRS-TD - COD1112200095 : updated to BLR server
SUCCESS: 2025/01/09 16:53:41 api_request.go:48: DRS-TD - COD1112206698 : updated to BLR server
SUCCESS: 2025/01/09 16:53:41 api_request.go:48: DRS-TD - COD1112212481 : updated to BLR server
SUCCESS: 2025/01/09 16:53:41 api_request.go:48: DRS-TD - COD1112223346 : updated to BLR server
SUCCESS: 2025/01/09 16:56:03 DBConnection.go:66: Connected to MongoDB successfully
SUCCESS: 2025/01/09 16:56:07 api_request.go:48: DRS - PON9617994 : updated to BLR server
SUCCESS: 2025/01/09 16:56:07 api_request.go:48: DRS - MAA299261438 : updated to BLR server
SUCCESS: 2025/01/09 16:56:07 api_request.go:48: DRS - IXM507633736 : updated to BLR server
SUCCESS: 2025/01/09 16:56:07 api_request.go:48: DRS - PON9619086 : updated to BLR server
SUCCESS: 2025/01/09 16:56:07 api_request.go:48: DRS - PON1707611 : updated to BLR server
SUCCESS: 2025/01/09 16:56:08 api_request.go:48: DRS - PON9618495 : updated to BLR server
SUCCESS: 2025/01/09 16:56:08 api_request.go:48: DRS - VPM5546585 : updated to BLR server
SUCCESS: 2025/01/09 16:56:08 api_request.go:48: DRS - KKL1254771 : updated to BLR server
SUCCESS: 2025/01/09 16:56:08 api_request.go:48: DRS - PON9619169 : updated to BLR server
SUCCESS: 2025/01/09 16:56:08 api_request.go:48: DRS - PON2122765 : updated to BLR server
SUCCESS: 2025/01/09 16:56:08 api_request.go:48: DRS - PON9618281 : updated to BLR server
SUCCESS: 2025/01/09 16:56:08 api_request.go:48: DRS - VPL406204114 : updated to BLR server
SUCCESS: 2025/01/09 16:56:09 api_request.go:48: DRS - EDQ14483446 : updated to BLR server
SUCCESS: 2025/01/09 16:56:09 api_request.go:48: DRS - MAA868805378 : updated to BLR server
SUCCESS: 2025/01/09 16:56:09 api_request.go:48: DRS - MAA706637510 : updated to BLR server
SUCCESS: 2025/01/09 16:56:09 api_request.go:48: DRS - VPM5546598 : updated to BLR server
SUCCESS: 2025/01/09 16:56:10 api_request.go:48: DRS - TCG20132586 : updated to BLR server
SUCCESS: 2025/01/09 17:01:49 DBConnection.go:66: Connected to MongoDB successfully
SUCCESS: 2025/01/09 17:02:53 DBConnection.go:66: Connected to MongoDB successfully
SUCCESS: 2025/01/09 17:03:02 api_request.go:48: IN-MFT - ACD95093592 : updated to BLR server
SUCCESS: 2025/01/09 17:03:02 api_request.go:48: IN-MFT - AGH530188241 : updated to BLR server
SUCCESS: 2025/01/09 17:03:02 api_request.go:48: IN-MFT - AGH530190028 : updated to BLR server
SUCCESS: 2025/01/09 17:03:02 api_request.go:48: IN-MFT - AGH530190115 : updated to BLR server
SUCCESS: 2025/01/09 17:03:02 api_request.go:48: IN-MFT - AGH530190268 : updated to BLR server
SUCCESS: 2025/01/09 17:03:03 api_request.go:48: IN-MFT - AGH530190269 : updated to BLR server
SUCCESS: 2025/01/09 17:03:03 api_request.go:48: IN-MFT - AGH530190272 : updated to BLR server
SUCCESS: 2025/01/09 17:03:03 api_request.go:48: IN-MFT - AGH530222548 : updated to BLR server
SUCCESS: 2025/01/09 17:03:03 api_request.go:48: IN-MFT - AGH530223991 : updated to BLR server
SUCCESS: 2025/01/09 17:03:03 api_request.go:48: IN-MFT - AGR200028604 : updated to BLR server
SUCCESS: 2025/01/09 17:03:03 api_request.go:48: IN-MFT - AGR200030011 : updated to BLR server
SUCCESS: 2025/01/09 17:03:03 api_request.go:48: IN-MFT - AGR600043479 : updated to BLR server
SUCCESS: 2025/01/09 17:03:03 api_request.go:48: IN-MFT - AGR600043480 : updated to BLR server
SUCCESS: 2025/01/09 17:03:03 api_request.go:48: IN-MFT - AGR600045203 : updated to BLR server
SUCCESS: 2025/01/09 17:03:03 api_request.go:48: IN-MFT - AGR600045225 : updated to BLR server
SUCCESS: 2025/01/09 17:03:03 api_request.go:48: IN-MFT - AGR600045262 : updated to BLR server
SUCCESS: 2025/01/09 17:03:03 api_request.go:48: IN-MFT - AJR500139724 : updated to BLR server
SUCCESS: 2025/01/09 17:03:03 api_request.go:48: IN-MFT - AKM1161381 : updated to BLR server
SUCCESS: 2025/01/09 17:03:03 api_request.go:48: IN-MFT - AKM1161531 : updated to BLR server
SUCCESS: 2025/01/09 17:03:04 api_request.go:48: IN-MFT - AKM1161592 : updated to BLR server
SUCCESS: 2025/01/09 17:03:04 api_request.go:48: IN-MFT - AKM1161760 : updated to BLR server
SUCCESS: 2025/01/09 17:03:04 api_request.go:48: IN-MFT - AKM1161767 : updated to BLR server
SUCCESS: 2025/01/09 17:03:04 api_request.go:48: IN-MFT - AKM1162306 : updated to BLR server
SUCCESS: 2025/01/09 17:03:04 api_request.go:48: IN-MFT - AKM1162494 : updated to BLR server
SUCCESS: 2025/01/09 17:03:04 api_request.go:48: IN-MFT - AKM1162719 : updated to BLR server
SUCCESS: 2025/01/09 17:03:04 api_request.go:48: IN-MFT - AKM5078036 : updated to BLR server
SUCCESS: 2025/01/09 17:03:04 api_request.go:48: IN-MFT - AKM5078891 : updated to BLR server
SUCCESS: 2025/01/09 17:03:04 api_request.go:48: IN-MFT - AKM5079048 : updated to BLR server
SUCCESS: 2025/01/09 17:03:04 api_request.go:48: IN-MFT - AKM5079306 : updated to BLR server
SUCCESS: 2025/01/09 17:03:04 api_request.go:48: IN-MFT - AKM5079329 : updated to BLR server
SUCCESS: 2025/01/09 17:03:04 api_request.go:48: IN-MFT - AMB530260011 : updated to BLR server
SUCCESS: 2025/01/09 17:03:04 api_request.go:48: IN-MFT - AMB530262014 : updated to BLR server
SUCCESS: 2025/01/09 17:03:04 api_request.go:48: IN-MFT - AMB530262068 : updated to BLR server
SUCCESS: 2025/01/09 17:03:04 api_request.go:48: IN-MFT - AMD28194487 : updated to BLR server
SUCCESS: 2025/01/09 17:03:04 api_request.go:48: IN-MFT - AMD28208525 : updated to BLR server
SUCCESS: 2025/01/09 17:03:05 api_request.go:48: IN-MFT - AMD28208586 : updated to BLR server
SUCCESS: 2025/01/09 17:03:05 api_request.go:48: IN-MFT - AMD28208610 : updated to BLR server
SUCCESS: 2025/01/09 17:03:05 api_request.go:48: IN-MFT - AMD28208611 : updated to BLR server
SUCCESS: 2025/01/09 17:03:05 api_request.go:48: IN-MFT - AMD28208682 : updated to BLR server
SUCCESS: 2025/01/09 17:03:05 api_request.go:48: IN-MFT - AMD28230306 : updated to BLR server
SUCCESS: 2025/01/09 17:05:47 DBConnection.go:66: Connected to MongoDB successfully
SUCCESS: 2025/01/09 17:06:38 DBConnection.go:66: Connected to MongoDB successfully
SUCCESS: 2025/01/09 17:07:00 api_request.go:48: OUT-MFT - PON1100552 : updated to BLR server
SUCCESS: 2025/01/09 17:07:00 api_request.go:48: OUT-MFT - PON1301114 : updated to BLR server
SUCCESS: 2025/01/09 17:07:00 api_request.go:48: OUT-MFT - PON1301178 : updated to BLR server
SUCCESS: 2025/01/09 17:07:00 api_request.go:48: OUT-MFT - PON1301179 : updated to BLR server
SUCCESS: 2025/01/09 17:07:00 api_request.go:48: OUT-MFT - PON1301180 : updated to BLR server
SUCCESS: 2025/01/09 17:07:00 api_request.go:48: OUT-MFT - PON1301182 : updated to BLR server
SUCCESS: 2025/01/09 17:07:00 api_request.go:48: OUT-MFT - PON1402989 : updated to BLR server
SUCCESS: 2025/01/09 17:07:00 api_request.go:48: OUT-MFT - PON1301185 : updated to BLR server
SUCCESS: 2025/01/09 17:07:00 api_request.go:48: OUT-MFT - PON1402991 : updated to BLR server
SUCCESS: 2025/01/09 17:07:00 api_request.go:48: OUT-MFT - PON1402992 : updated to BLR server
SUCCESS: 2025/01/09 17:07:00 api_request.go:48: OUT-MFT - PON1301186 : updated to BLR server
SUCCESS: 2025/01/09 17:07:00 api_request.go:48: OUT-MFT - PON1402994 : updated to BLR server
SUCCESS: 2025/01/09 17:07:00 api_request.go:48: OUT-MFT - PON1301187 : updated to BLR server
SUCCESS: 2025/01/09 17:07:01 api_request.go:48: OUT-MFT - PON1402995 : updated to BLR server
SUCCESS: 2025/01/09 17:07:01 api_request.go:48: OUT-MFT - PON1402996 : updated to BLR server
SUCCESS: 2025/01/09 17:07:01 api_request.go:48: OUT-MFT - PON1402997 : updated to BLR server
SUCCESS: 2025/01/09 17:07:01 api_request.go:48: OUT-MFT - PON1402998 : updated to BLR server
SUCCESS: 2025/01/09 17:07:01 api_request.go:48: OUT-MFT - PON1403000 : updated to BLR server
SUCCESS: 2025/01/09 17:07:01 api_request.go:48: OUT-MFT - PON1301189 : updated to BLR server
SUCCESS: 2025/01/09 17:07:01 api_request.go:48: OUT-MFT - PON1403001 : updated to BLR server
SUCCESS: 2025/01/09 17:07:01 api_request.go:48: OUT-MFT - PON1301190 : updated to BLR server
SUCCESS: 2025/01/09 17:07:01 api_request.go:48: OUT-MFT - PON1403005 : updated to BLR server
SUCCESS: 2025/01/09 17:07:01 api_request.go:48: OUT-MFT - PON1301191 : updated to BLR server
SUCCESS: 2025/01/09 17:07:01 api_request.go:48: OUT-MFT - PON1403007 : updated to BLR server
SUCCESS: 2025/01/09 17:07:01 api_request.go:48: OUT-MFT - PON1403008 : updated to BLR server
SUCCESS: 2025/01/09 17:07:01 api_request.go:48: OUT-MFT - PON1403010 : updated to BLR server
SUCCESS: 2025/01/09 17:07:01 api_request.go:48: OUT-MFT - PON1403012 : updated to BLR server
SUCCESS: 2025/01/09 17:07:01 api_request.go:48: OUT-MFT - PON1403013 : updated to BLR server
SUCCESS: 2025/01/09 17:07:01 api_request.go:48: OUT-MFT - PON1403014 : updated to BLR server
SUCCESS: 2025/01/09 17:07:02 api_request.go:48: OUT-MFT - PON1403015 : updated to BLR server
SUCCESS: 2025/01/09 17:07:02 api_request.go:48: OUT-MFT - PON1403016 : updated to BLR server
SUCCESS: 2025/01/09 17:07:02 api_request.go:48: OUT-MFT - PON1403017 : updated to BLR server
SUCCESS: 2025/01/09 17:07:02 api_request.go:48: OUT-MFT - PON1403018 : updated to BLR server
SUCCESS: 2025/01/09 17:07:02 api_request.go:48: OUT-MFT - PON1403019 : updated to BLR server
SUCCESS: 2025/01/09 17:07:02 api_request.go:48: OUT-MFT - PON1301192 : updated to BLR server
SUCCESS: 2025/01/09 17:07:02 api_request.go:48: OUT-MFT - PON1301195 : updated to BLR server
SUCCESS: 2025/01/09 17:07:02 api_request.go:48: OUT-MFT - PON1301196 : updated to BLR server
SUCCESS: 2025/01/09 17:07:02 api_request.go:48: OUT-MFT - PON1403024 : updated to BLR server
SUCCESS: 2025/01/09 17:07:03 api_request.go:48: OUT-MFT - PON1403025 : updated to BLR server
SUCCESS: 2025/01/09 17:07:03 api_request.go:48: OUT-MFT - PON1301197 : updated to BLR server
SUCCESS: 2025/01/09 17:07:03 api_request.go:48: OUT-MFT - PON1403027 : updated to BLR server
SUCCESS: 2025/01/09 17:07:03 api_request.go:48: OUT-MFT - PON1301199 : updated to BLR server
SUCCESS: 2025/01/09 17:07:03 api_request.go:48: OUT-MFT - PON1403028 : updated to BLR server
SUCCESS: 2025/01/09 17:07:03 api_request.go:48: OUT-MFT - PON1301201 : updated to BLR server
SUCCESS: 2025/01/09 17:07:03 api_request.go:48: OUT-MFT - PON1403029 : updated to BLR server
SUCCESS: 2025/01/09 17:07:03 api_request.go:48: OUT-MFT - PON1301202 : updated to BLR server
SUCCESS: 2025/01/09 17:07:03 api_request.go:48: OUT-MFT - PON1403030 : updated to BLR server
SUCCESS: 2025/01/09 17:07:03 api_request.go:48: OUT-MFT - PON1403031 : updated to BLR server
SUCCESS: 2025/01/09 17:07:04 api_request.go:48: OUT-MFT - PON1403032 : updated to BLR server
SUCCESS: 2025/01/09 17:07:04 api_request.go:48: OUT-MFT - PON1301205 : updated to BLR server
SUCCESS: 2025/01/09 17:07:04 api_request.go:48: OUT-MFT - PON1403033 : updated to BLR server
SUCCESS: 2025/01/09 17:07:04 api_request.go:48: OUT-MFT - PON1403034 : updated to BLR server
SUCCESS: 2025/01/09 17:07:04 api_request.go:48: OUT-MFT - PON1403035 : updated to BLR server
SUCCESS: 2025/01/09 17:07:04 api_request.go:48: OUT-MFT - PON1403036 : updated to BLR server
SUCCESS: 2025/01/09 17:07:04 api_request.go:48: OUT-MFT - PON1403037 : updated to BLR server
SUCCESS: 2025/01/09 17:07:04 api_request.go:48: OUT-MFT - PON1403038 : updated to BLR server
SUCCESS: 2025/01/09 17:07:04 api_request.go:48: OUT-MFT - PON1403041 : updated to BLR server
SUCCESS: 2025/01/09 17:07:04 api_request.go:48: OUT-MFT - PON1403042 : updated to BLR server
SUCCESS: 2025/01/09 17:07:04 api_request.go:48: OUT-MFT - PON1403043 : updated to BLR server
SUCCESS: 2025/01/09 17:07:04 api_request.go:48: OUT-MFT - PON1403045 : updated to BLR server
SUCCESS: 2025/01/09 17:07:04 api_request.go:48: OUT-MFT - PON727648 : updated to BLR server
SUCCESS: 2025/01/09 17:07:04 api_request.go:48: OUT-MFT - MAA107113663 : updated to BLR server
SUCCESS: 2025/01/09 17:07:04 api_request.go:48: OUT-MFT - PON3702181 : updated to BLR server
SUCCESS: 2025/01/09 17:07:05 api_request.go:48: OUT-MFT - PON2976252 : updated to BLR server
SUCCESS: 2025/01/09 17:07:05 api_request.go:48: OUT-MFT - PON727590 : updated to BLR server
SUCCESS: 2025/01/09 17:07:05 api_request.go:48: OUT-MFT - PON727612 : updated to BLR server
SUCCESS: 2025/01/09 17:07:05 api_request.go:48: OUT-MFT - PON727608 : updated to BLR server
SUCCESS: 2025/01/09 17:07:05 api_request.go:48: OUT-MFT - PON727610 : updated to BLR server
SUCCESS: 2025/01/09 17:07:05 api_request.go:48: OUT-MFT - PON727607 : updated to BLR server
SUCCESS: 2025/01/09 17:07:05 api_request.go:48: OUT-MFT - PON727596 : updated to BLR server
SUCCESS: 2025/01/09 17:07:05 api_request.go:48: OUT-MFT - PON727586 : updated to BLR server
SUCCESS: 2025/01/09 17:07:05 api_request.go:48: OUT-MFT - PON727591 : updated to BLR server
SUCCESS: 2025/01/09 17:07:05 api_request.go:48: OUT-MFT - PON727589 : updated to BLR server
SUCCESS: 2025/01/09 17:07:05 api_request.go:48: OUT-MFT - PON727588 : updated to BLR server
SUCCESS: 2025/01/09 17:07:05 api_request.go:48: OUT-MFT - PON727646 : updated to BLR server
SUCCESS: 2025/01/09 17:07:05 api_request.go:48: OUT-MFT - PON727636 : updated to BLR server
SUCCESS: 2025/01/09 17:07:06 api_request.go:48: OUT-MFT - PON8561182 : updated to BLR server
SUCCESS: 2025/01/09 17:07:06 api_request.go:48: OUT-MFT - PON6610316 : updated to BLR server
SUCCESS: 2025/01/09 17:07:06 api_request.go:48: OUT-MFT - PON7586543 : updated to BLR server
SUCCESS: 2025/01/09 17:07:06 api_request.go:48: OUT-MFT - PON5682414 : updated to BLR server
SUCCESS: 2025/01/09 17:07:06 api_request.go:48: OUT-MFT - PON5682421 : updated to BLR server
SUCCESS: 2025/01/09 17:07:06 api_request.go:48: OUT-MFT - PON7313803 : updated to BLR server
SUCCESS: 2025/01/09 17:07:06 api_request.go:48: OUT-MFT - PON7903157 : updated to BLR server
SUCCESS: 2025/01/09 17:07:06 api_request.go:48: OUT-MFT - PON5682187 : updated to BLR server
SUCCESS: 2025/01/09 17:07:06 api_request.go:48: OUT-MFT - PON5499121 : updated to BLR server
SUCCESS: 2025/01/09 17:07:06 api_request.go:48: OUT-MFT - PON5682065 : updated to BLR server
SUCCESS: 2025/01/09 17:07:06 api_request.go:48: OUT-MFT - PON5681381 : updated to BLR server
SUCCESS: 2025/01/09 17:07:06 api_request.go:48: OUT-MFT - COD1112180011 : updated to BLR server
SUCCESS: 2025/01/09 17:07:06 api_request.go:48: OUT-MFT - PON9613300 : updated to BLR server
SUCCESS: 2025/01/09 17:07:07 api_request.go:48: OUT-MFT - PON9613286 : updated to BLR server
SUCCESS: 2025/01/09 17:07:07 api_request.go:48: OUT-MFT - PON9613504 : updated to BLR server
SUCCESS: 2025/01/09 17:07:07 api_request.go:48: OUT-MFT - PON9613322 : updated to BLR server
SUCCESS: 2025/01/09 17:07:07 api_request.go:48: OUT-MFT - PON9613327 : updated to BLR server
SUCCESS: 2025/01/09 17:07:07 api_request.go:48: OUT-MFT - PON9613326 : updated to BLR server
SUCCESS: 2025/01/09 17:07:07 api_request.go:48: OUT-MFT - SVK60493282 : updated to BLR server
SUCCESS: 2025/01/09 17:07:08 api_request.go:48: OUT-MFT - PON4636032 : updated to BLR server
SUCCESS: 2025/01/09 17:07:08 api_request.go:48: OUT-MFT - PON5681799 : updated to BLR server
SUCCESS: 2025/01/09 17:07:08 api_request.go:48: OUT-MFT - PON727597 : updated to BLR server
SUCCESS: 2025/01/09 17:07:08 api_request.go:48: OUT-MFT - PON5499128 : updated to BLR server
SUCCESS: 2025/01/09 17:07:08 api_request.go:48: OUT-MFT - PON9613325 : updated to BLR server
SUCCESS: 2025/01/09 17:07:08 api_request.go:48: OUT-MFT - PON5222632 : updated to BLR server
SUCCESS: 2025/01/09 17:07:08 api_request.go:48: OUT-MFT - PON5682177 : updated to BLR server
SUCCESS: 2025/01/09 17:07:08 api_request.go:48: OUT-MFT - PON5682467 : updated to BLR server
SUCCESS: 2025/01/09 17:07:08 api_request.go:48: OUT-MFT - PON2976190 : updated to BLR server
SUCCESS: 2025/01/09 17:07:08 api_request.go:48: OUT-MFT - PON1700700 : updated to BLR server
SUCCESS: 2025/01/09 17:07:08 api_request.go:48: OUT-MFT - PON1700674 : updated to BLR server
SUCCESS: 2025/01/09 17:07:08 api_request.go:48: OUT-MFT - PON1700687 : updated to BLR server
SUCCESS: 2025/01/09 17:07:08 api_request.go:48: OUT-MFT - PON1700688 : updated to BLR server
SUCCESS: 2025/01/09 17:07:08 api_request.go:48: OUT-MFT - PON1700689 : updated to BLR server
SUCCESS: 2025/01/09 17:07:09 api_request.go:48: OUT-MFT - PON5679599 : updated to BLR server
SUCCESS: 2025/01/09 17:07:09 api_request.go:48: OUT-MFT - PON5679600 : updated to BLR server
SUCCESS: 2025/01/09 17:07:09 api_request.go:48: OUT-MFT - PON1700289 : updated to BLR server
SUCCESS: 2025/01/09 17:07:09 api_request.go:48: OUT-MFT - PON1699197 : updated to BLR server
SUCCESS: 2025/01/09 17:07:09 api_request.go:48: OUT-MFT - PON1700801 : updated to BLR server
SUCCESS: 2025/01/09 17:07:09 api_request.go:48: OUT-MFT - PON1699198 : updated to BLR server
SUCCESS: 2025/01/09 17:07:09 api_request.go:48: OUT-MFT - PON1700690 : updated to BLR server
SUCCESS: 2025/01/09 17:07:09 api_request.go:48: OUT-MFT - PON1700685 : updated to BLR server
SUCCESS: 2025/01/09 17:07:09 api_request.go:48: OUT-MFT - PON1700201 : updated to BLR server
SUCCESS: 2025/01/09 17:07:09 api_request.go:48: OUT-MFT - PON1700202 : updated to BLR server
SUCCESS: 2025/01/09 17:07:10 api_request.go:48: OUT-MFT - PON1700902 : updated to BLR server
SUCCESS: 2025/01/09 17:07:10 api_request.go:48: OUT-MFT - PON5680333 : updated to BLR server
SUCCESS: 2025/01/09 17:07:10 api_request.go:48: OUT-MFT - PON5682178 : updated to BLR server
SUCCESS: 2025/01/09 17:07:10 api_request.go:48: OUT-MFT - PON5665424 : updated to BLR server
SUCCESS: 2025/01/09 17:07:10 api_request.go:48: OUT-MFT - PON7902248 : updated to BLR server
SUCCESS: 2025/01/09 17:07:10 api_request.go:48: OUT-MFT - PON5682176 : updated to BLR server
SUCCESS: 2025/01/09 17:07:10 api_request.go:48: OUT-MFT - PON5682159 : updated to BLR server
SUCCESS: 2025/01/09 17:07:10 api_request.go:48: OUT-MFT - PON5222596 : updated to BLR server
SUCCESS: 2025/01/09 17:07:10 api_request.go:48: OUT-MFT - PON7313802 : updated to BLR server
SUCCESS: 2025/01/09 17:07:10 api_request.go:48: OUT-MFT - PON5682069 : updated to BLR server
SUCCESS: 2025/01/09 17:09:00 DBConnection.go:66: Connected to MongoDB successfullySUCCESS: 2025/01/17 14:57:06 DBConnection.go:55: Connected to MongoDB successfully
SUCCESS: 2025/01/17 14:57:25 api_request.go:48: OUT-MFT - PON1100552 : updated to BLR server
SUCCESS: 2025/01/17 14:57:25 api_request.go:48: OUT-MFT - PON1301114 : updated to BLR server
SUCCESS: 2025/01/17 14:57:25 api_request.go:48: OUT-MFT - PON1301178 : updated to BLR server
SUCCESS: 2025/01/17 14:57:25 api_request.go:48: OUT-MFT - PON1301179 : updated to BLR server
SUCCESS: 2025/01/17 14:57:25 api_request.go:48: OUT-MFT - PON1301180 : updated to BLR server
SUCCESS: 2025/01/17 14:57:25 api_request.go:48: OUT-MFT - PON1301182 : updated to BLR server
SUCCESS: 2025/01/17 14:57:25 api_request.go:48: OUT-MFT - PON1402989 : updated to BLR server
SUCCESS: 2025/01/17 14:57:26 api_request.go:48: OUT-MFT - PON1301185 : updated to BLR server
SUCCESS: 2025/01/17 14:57:26 api_request.go:48: OUT-MFT - PON1402991 : updated to BLR server
SUCCESS: 2025/01/17 14:57:26 api_request.go:48: OUT-MFT - PON1402992 : updated to BLR server
SUCCESS: 2025/01/17 14:57:26 api_request.go:48: OUT-MFT - PON1301186 : updated to BLR server
SUCCESS: 2025/01/17 14:57:26 api_request.go:48: OUT-MFT - PON1402994 : updated to BLR server
SUCCESS: 2025/01/17 14:57:26 api_request.go:48: OUT-MFT - PON1301187 : updated to BLR server
SUCCESS: 2025/01/17 14:57:26 api_request.go:48: OUT-MFT - PON1402995 : updated to BLR server
SUCCESS: 2025/01/17 14:57:26 api_request.go:48: OUT-MFT - PON1402996 : updated to BLR server
SUCCESS: 2025/01/17 14:57:26 api_request.go:48: OUT-MFT - PON1402997 : updated to BLR server
SUCCESS: 2025/01/17 14:57:26 api_request.go:48: OUT-MFT - PON1402998 : updated to BLR server
SUCCESS: 2025/01/17 14:57:26 api_request.go:48: OUT-MFT - PON1403000 : updated to BLR server
SUCCESS: 2025/01/17 14:57:26 api_request.go:48: OUT-MFT - PON1301189 : updated to BLR server
SUCCESS: 2025/01/17 14:57:26 api_request.go:48: OUT-MFT - PON1403001 : updated to BLR server
SUCCESS: 2025/01/17 14:57:26 api_request.go:48: OUT-MFT - PON1301190 : updated to BLR server
SUCCESS: 2025/01/17 14:57:26 api_request.go:48: OUT-MFT - PON1403005 : updated to BLR server
SUCCESS: 2025/01/17 14:57:26 api_request.go:48: OUT-MFT - PON1301191 : updated to BLR server
SUCCESS: 2025/01/17 14:57:26 api_request.go:48: OUT-MFT - PON1403007 : updated to BLR server
SUCCESS: 2025/01/17 14:57:26 api_request.go:48: OUT-MFT - PON1403008 : updated to BLR server
SUCCESS: 2025/01/17 14:57:26 api_request.go:48: OUT-MFT - PON1403010 : updated to BLR server
SUCCESS: 2025/01/17 14:57:26 api_request.go:48: OUT-MFT - PON1403012 : updated to BLR server
SUCCESS: 2025/01/17 14:57:26 api_request.go:48: OUT-MFT - PON1403013 : updated to BLR server
SUCCESS: 2025/01/17 14:57:27 api_request.go:48: OUT-MFT - PON1403014 : updated to BLR server
SUCCESS: 2025/01/17 14:57:27 api_request.go:48: OUT-MFT - PON1403015 : updated to BLR server
SUCCESS: 2025/01/17 14:57:27 api_request.go:48: OUT-MFT - PON1403016 : updated to BLR server
SUCCESS: 2025/01/17 14:57:27 api_request.go:48: OUT-MFT - PON1403017 : updated to BLR server
SUCCESS: 2025/01/17 14:57:27 api_request.go:48: OUT-MFT - PON1403018 : updated to BLR server
SUCCESS: 2025/01/17 14:57:27 api_request.go:48: OUT-MFT - PON1403019 : updated to BLR server
SUCCESS: 2025/01/17 14:57:27 api_request.go:48: OUT-MFT - PON1403020 : updated to BLR server
SUCCESS: 2025/01/17 14:57:27 api_request.go:48: OUT-MFT - PON1301192 : updated to BLR server
SUCCESS: 2025/01/17 14:57:27 api_request.go:48: OUT-MFT - PON1301195 : updated to BLR server
SUCCESS: 2025/01/17 14:57:27 api_request.go:48: OUT-MFT - PON1301196 : updated to BLR server
SUCCESS: 2025/01/17 14:57:27 api_request.go:48: OUT-MFT - PON1403024 : updated to BLR server
SUCCESS: 2025/01/17 14:57:27 api_request.go:48: OUT-MFT - PON1403025 : updated to BLR server
SUCCESS: 2025/01/17 14:57:27 api_request.go:48: OUT-MFT - PON1301197 : updated to BLR server
SUCCESS: 2025/01/17 14:57:27 api_request.go:48: OUT-MFT - PON1403027 : updated to BLR server
SUCCESS: 2025/01/17 14:57:27 api_request.go:48: OUT-MFT - PON1301199 : updated to BLR server
SUCCESS: 2025/01/17 14:57:27 api_request.go:48: OUT-MFT - PON1403028 : updated to BLR server
SUCCESS: 2025/01/17 14:57:27 api_request.go:48: OUT-MFT - PON1301201 : updated to BLR server
SUCCESS: 2025/01/17 14:57:27 api_request.go:48: OUT-MFT - PON1403029 : updated to BLR server
SUCCESS: 2025/01/17 14:57:27 api_request.go:48: OUT-MFT - PON1301202 : updated to BLR server
SUCCESS: 2025/01/17 14:57:28 api_request.go:48: OUT-MFT - PON1403030 : updated to BLR server
SUCCESS: 2025/01/17 14:57:28 api_request.go:48: OUT-MFT - PON1403031 : updated to BLR server
SUCCESS: 2025/01/17 14:57:28 api_request.go:48: OUT-MFT - PON1403032 : updated to BLR server
SUCCESS: 2025/01/17 14:57:28 api_request.go:48: OUT-MFT - PON1301205 : updated to BLR server
SUCCESS: 2025/01/17 14:57:28 api_request.go:48: OUT-MFT - PON1403033 : updated to BLR server
SUCCESS: 2025/01/17 14:57:28 api_request.go:48: OUT-MFT - PON1403034 : updated to BLR server
SUCCESS: 2025/01/17 14:57:29 api_request.go:48: OUT-MFT - PON1403035 : updated to BLR server
SUCCESS: 2025/01/17 14:57:29 api_request.go:48: OUT-MFT - PON1403036 : updated to BLR server
SUCCESS: 2025/01/17 14:57:29 api_request.go:48: OUT-MFT - PON1403037 : updated to BLR server
SUCCESS: 2025/01/17 14:57:29 api_request.go:48: OUT-MFT - PON1403038 : updated to BLR server
SUCCESS: 2025/01/17 14:57:29 api_request.go:48: OUT-MFT - PON1403041 : updated to BLR server
SUCCESS: 2025/01/17 14:57:29 api_request.go:48: OUT-MFT - PON1403042 : updated to BLR server
SUCCESS: 2025/01/17 14:57:29 api_request.go:48: OUT-MFT - PON1403043 : updated to BLR server
SUCCESS: 2025/01/17 14:57:29 api_request.go:48: OUT-MFT - PON1403045 : updated to BLR server
SUCCESS: 2025/01/17 14:57:29 api_request.go:48: OUT-MFT - PON727648 : updated to BLR server
SUCCESS: 2025/01/17 14:57:29 api_request.go:48: OUT-MFT - MAA107113663 : updated to BLR server
SUCCESS: 2025/01/17 14:57:29 api_request.go:48: OUT-MFT - PON3702181 : updated to BLR server
SUCCESS: 2025/01/17 14:57:30 api_request.go:48: OUT-MFT - PON2976252 : updated to BLR server
SUCCESS: 2025/01/17 14:57:30 api_request.go:48: OUT-MFT - PON727590 : updated to BLR server
SUCCESS: 2025/01/17 14:57:30 api_request.go:48: OUT-MFT - PON727612 : updated to BLR server
SUCCESS: 2025/01/17 14:57:30 api_request.go:48: OUT-MFT - PON727608 : updated to BLR server
SUCCESS: 2025/01/17 14:57:30 api_request.go:48: OUT-MFT - PON727610 : updated to BLR server
SUCCESS: 2025/01/17 14:57:30 api_request.go:48: OUT-MFT - PON727607 : updated to BLR server
SUCCESS: 2025/01/17 14:57:30 api_request.go:48: OUT-MFT - PON727596 : updated to BLR server
SUCCESS: 2025/01/17 14:57:30 api_request.go:48: OUT-MFT - PON727586 : updated to BLR server
SUCCESS: 2025/01/17 14:57:31 api_request.go:48: OUT-MFT - PON727591 : updated to BLR server
SUCCESS: 2025/01/17 14:57:31 api_request.go:48: OUT-MFT - PON727589 : updated to BLR server
SUCCESS: 2025/01/17 14:57:31 api_request.go:48: OUT-MFT - PON727588 : updated to BLR server
SUCCESS: 2025/01/17 14:57:31 api_request.go:48: OUT-MFT - PON727646 : updated to BLR server
SUCCESS: 2025/01/17 14:57:31 api_request.go:48: OUT-MFT - PON727636 : updated to BLR server
SUCCESS: 2025/01/17 14:57:31 api_request.go:48: OUT-MFT - PON8561182 : updated to BLR server
SUCCESS: 2025/01/17 14:57:31 api_request.go:48: OUT-MFT - PON6610316 : updated to BLR server
SUCCESS: 2025/01/17 14:57:31 api_request.go:48: OUT-MFT - PON7586543 : updated to BLR server
SUCCESS: 2025/01/17 14:57:31 api_request.go:48: OUT-MFT - PON5682414 : updated to BLR server
SUCCESS: 2025/01/17 14:57:31 api_request.go:48: OUT-MFT - PON5682421 : updated to BLR server
SUCCESS: 2025/01/17 14:57:32 api_request.go:48: OUT-MFT - PON7313803 : updated to BLR server
SUCCESS: 2025/01/17 14:57:32 api_request.go:48: OUT-MFT - PON7903157 : updated to BLR server
SUCCESS: 2025/01/17 14:57:32 api_request.go:48: OUT-MFT - PON5682187 : updated to BLR server
SUCCESS: 2025/01/17 14:57:32 api_request.go:48: OUT-MFT - PON5499121 : updated to BLR server
SUCCESS: 2025/01/17 14:57:32 api_request.go:48: OUT-MFT - PON5682065 : updated to BLR server
SUCCESS: 2025/01/17 14:57:32 api_request.go:48: OUT-MFT - PON5681381 : updated to BLR server
SUCCESS: 2025/01/17 14:57:32 api_request.go:48: OUT-MFT - COD1112180011 : updated to BLR server
SUCCESS: 2025/01/17 14:57:32 api_request.go:48: OUT-MFT - PON9613300 : updated to BLR server
SUCCESS: 2025/01/17 14:57:33 api_request.go:48: OUT-MFT - PON9613286 : updated to BLR server
SUCCESS: 2025/01/17 14:57:33 api_request.go:48: OUT-MFT - PON9613504 : updated to BLR server
SUCCESS: 2025/01/17 14:57:33 api_request.go:48: OUT-MFT - PON9613322 : updated to BLR server
SUCCESS: 2025/01/17 14:57:33 api_request.go:48: OUT-MFT - PON9613327 : updated to BLR server
SUCCESS: 2025/01/17 14:57:33 api_request.go:48: OUT-MFT - PON9613326 : updated to BLR server
SUCCESS: 2025/01/17 14:57:33 api_request.go:48: OUT-MFT - SVK60493282 : updated to BLR server
SUCCESS: 2025/01/17 14:57:33 api_request.go:48: OUT-MFT - PON4636032 : updated to BLR server
SUCCESS: 2025/01/17 14:57:34 api_request.go:48: OUT-MFT - PON5681799 : updated to BLR server
SUCCESS: 2025/01/17 14:57:34 api_request.go:48: OUT-MFT - PON727597 : updated to BLR server
SUCCESS: 2025/01/17 14:57:34 api_request.go:48: OUT-MFT - PON5499128 : updated to BLR server
SUCCESS: 2025/01/17 14:57:34 api_request.go:48: OUT-MFT - PON9613325 : updated to BLR server
SUCCESS: 2025/01/17 14:57:34 api_request.go:48: OUT-MFT - PON5222632 : updated to BLR server
SUCCESS: 2025/01/17 14:57:34 api_request.go:48: OUT-MFT - PON5682177 : updated to BLR server
SUCCESS: 2025/01/17 14:57:34 api_request.go:48: OUT-MFT - PON5682467 : updated to BLR server
SUCCESS: 2025/01/17 14:57:34 api_request.go:48: OUT-MFT - PON2976190 : updated to BLR server
SUCCESS: 2025/01/17 14:57:34 api_request.go:48: OUT-MFT - PON1700700 : updated to BLR server
SUCCESS: 2025/01/17 14:57:35 api_request.go:48: OUT-MFT - PON1700674 : updated to BLR server
SUCCESS: 2025/01/17 14:57:35 api_request.go:48: OUT-MFT - PON1700687 : updated to BLR server
SUCCESS: 2025/01/17 14:57:35 api_request.go:48: OUT-MFT - PON1700688 : updated to BLR server
SUCCESS: 2025/01/17 14:57:35 api_request.go:48: OUT-MFT - PON1700689 : updated to BLR server
SUCCESS: 2025/01/17 14:57:35 api_request.go:48: OUT-MFT - PON5679599 : updated to BLR server
SUCCESS: 2025/01/17 14:57:35 api_request.go:48: OUT-MFT - PON5679600 : updated to BLR server
SUCCESS: 2025/01/17 14:57:35 api_request.go:48: OUT-MFT - PON1700289 : updated to BLR server
SUCCESS: 2025/01/17 14:57:35 api_request.go:48: OUT-MFT - PON1699197 : updated to BLR server
SUCCESS: 2025/01/17 14:57:35 api_request.go:48: OUT-MFT - PON1700801 : updated to BLR server
SUCCESS: 2025/01/17 14:57:35 api_request.go:48: OUT-MFT - PON1699198 : updated to BLR server
SUCCESS: 2025/01/17 14:57:35 api_request.go:48: OUT-MFT - PON1700690 : updated to BLR server
SUCCESS: 2025/01/17 14:57:35 api_request.go:48: OUT-MFT - PON1700685 : updated to BLR server
SUCCESS: 2025/01/17 14:57:35 api_request.go:48: OUT-MFT - PON1700201 : updated to BLR server
SUCCESS: 2025/01/17 14:57:35 api_request.go:48: OUT-MFT - PON1700202 : updated to BLR server
SUCCESS: 2025/01/17 14:57:35 api_request.go:48: OUT-MFT - PON1700902 : updated to BLR server
SUCCESS: 2025/01/17 14:57:36 api_request.go:48: OUT-MFT - PON5680333 : updated to BLR server
SUCCESS: 2025/01/17 14:57:36 api_request.go:48: OUT-MFT - PON5682178 : updated to BLR server
SUCCESS: 2025/01/17 14:57:36 api_request.go:48: OUT-MFT - PON5665424 : updated to BLR server
SUCCESS: 2025/01/17 14:57:36 api_request.go:48: OUT-MFT - PON7902248 : updated to BLR server
SUCCESS: 2025/01/17 14:57:36 api_request.go:48: OUT-MFT - PON5682176 : updated to BLR server
SUCCESS: 2025/01/17 14:57:36 api_request.go:48: OUT-MFT - PON5682159 : updated to BLR server
SUCCESS: 2025/01/17 14:57:36 api_request.go:48: OUT-MFT - PON5222596 : updated to BLR server
SUCCESS: 2025/01/17 14:57:36 api_request.go:48: OUT-MFT - PON7313802 : updated to BLR server
SUCCESS: 2025/01/17 14:57:36 api_request.go:48: OUT-MFT - PON5682069 : updated to BLR server
SUCCESS: 2025/01/17 14:57:36 api_request.go:48: OUT-MFT - PON5682440 : updated to BLR server
SUCCESS: 2025/01/17 14:57:36 api_request.go:48: OUT-MFT - PON5222626 : updated to BLR server
SUCCESS: 2025/01/17 14:57:37 api_request.go:48: OUT-MFT - PON5682468 : updated to BLR server
SUCCESS: 2025/01/17 14:57:37 api_request.go:48: OUT-MFT - PON5680330 : updated to BLR server
SUCCESS: 2025/01/17 14:57:37 api_request.go:48: OUT-MFT - PON5680826 : updated to BLR server
SUCCESS: 2025/01/17 14:57:37 api_request.go:48: OUT-MFT - PON7902266 : updated to BLR server
SUCCESS: 2025/01/17 14:57:37 api_request.go:48: OUT-MFT - PON7900229 : updated to BLR server
SUCCESS: 2025/01/17 14:57:37 api_request.go:48: OUT-MFT - PON5682168 : updated to BLR server
SUCCESS: 2025/01/17 14:57:37 api_request.go:48: OUT-MFT - PON7900230 : updated to BLR server
SUCCESS: 2025/01/17 14:57:37 api_request.go:48: OUT-MFT - PON7902249 : updated to BLR server
SUCCESS: 2025/01/17 14:57:37 api_request.go:48: OUT-MFT - PON5222584 : updated to BLR server
SUCCESS: 2025/01/17 14:57:37 api_request.go:48: OUT-MFT - PON5682188 : updated to BLR server
SUCCESS: 2025/01/17 14:57:37 api_request.go:48: OUT-MFT - PON3702007 : updated to BLR server
SUCCESS: 2025/01/17 14:57:37 api_request.go:48: OUT-MFT - PON7586548 : updated to BLR server
SUCCESS: 2025/01/17 14:57:38 api_request.go:48: OUT-MFT - PON5222627 : updated to BLR server
SUCCESS: 2025/01/17 14:57:38 api_request.go:48: OUT-MFT - PON2378186 : updated to BLR server
SUCCESS: 2025/01/17 14:57:38 api_request.go:48: OUT-MFT - PON5681789 : updated to BLR server
SUCCESS: 2025/01/17 14:57:38 api_request.go:48: OUT-MFT - PON5682200 : updated to BLR server
SUCCESS: 2025/01/17 14:57:38 api_request.go:48: OUT-MFT - PON5682474 : updated to BLR server
SUCCESS: 2025/01/17 14:57:38 api_request.go:48: OUT-MFT - PON2976179 : updated to BLR server
SUCCESS: 2025/01/17 14:57:38 api_request.go:48: OUT-MFT - PON7195050 : updated to BLR server
SUCCESS: 2025/01/17 14:57:38 api_request.go:48: OUT-MFT - PON7195431 : updated to BLR server
SUCCESS: 2025/01/17 14:57:38 api_request.go:48: OUT-MFT - PON7195468 : updated to BLR server
SUCCESS: 2025/01/17 14:57:38 api_request.go:48: OUT-MFT - PON7195429 : updated to BLR server
SUCCESS: 2025/01/17 14:57:38 api_request.go:48: OUT-MFT - PON7885328 : updated to BLR server
SUCCESS: 2025/01/17 14:57:38 api_request.go:48: OUT-MFT - PON7063784 : updated to BLR server
SUCCESS: 2025/01/17 14:57:38 api_request.go:48: OUT-MFT - PON7195432 : updated to BLR server
SUCCESS: 2025/01/17 14:57:38 api_request.go:48: OUT-MFT - PON7195519 : updated to BLR server
SUCCESS: 2025/01/17 14:57:39 api_request.go:48: OUT-MFT - PON7885226 : updated to BLR server
SUCCESS: 2025/01/17 14:57:39 api_request.go:48: OUT-MFT - MAA867436500 : updated to BLR server
SUCCESS: 2025/01/17 14:57:39 api_request.go:48: OUT-MFT - PON7885324 : updated to BLR server
SUCCESS: 2025/01/17 14:57:39 api_request.go:48: OUT-MFT - PON7885218 : updated to BLR server
SUCCESS: 2025/01/17 14:57:39 api_request.go:48: OUT-MFT - PON2976149 : updated to BLR server
SUCCESS: 2025/01/17 14:57:39 api_request.go:48: OUT-MFT - PON2122193 : updated to BLR server
SUCCESS: 2025/01/17 14:57:39 api_request.go:48: OUT-MFT - PON2976254 : updated to BLR server
SUCCESS: 2025/01/17 14:57:39 api_request.go:48: OUT-MFT - PON2976253 : updated to BLR server
SUCCESS: 2025/01/17 14:57:39 api_request.go:48: OUT-MFT - PON7195437 : updated to BLR server
SUCCESS: 2025/01/17 14:57:39 api_request.go:48: OUT-MFT - PON7885332 : updated to BLR server
SUCCESS: 2025/01/17 14:57:39 api_request.go:48: OUT-MFT - PON7885313 : updated to BLR server
SUCCESS: 2025/01/17 14:57:40 api_request.go:48: OUT-MFT - PON2976273 : updated to BLR server
SUCCESS: 2025/01/17 14:57:40 api_request.go:48: OUT-MFT - PON2122197 : updated to BLR server
SUCCESS: 2025/01/17 14:57:40 api_request.go:48: OUT-MFT - PON2976174 : updated to BLR server
SUCCESS: 2025/01/17 14:57:40 api_request.go:48: OUT-MFT - PON2976173 : updated to BLR server
SUCCESS: 2025/01/17 14:57:40 api_request.go:48: OUT-MFT - PON2976172 : updated to BLR server
SUCCESS: 2025/01/17 14:57:40 api_request.go:48: OUT-MFT - PON5682050 : updated to BLR server
SUCCESS: 2025/01/17 14:57:40 api_request.go:48: OUT-MFT - PON7195606 : updated to BLR server
SUCCESS: 2025/01/17 14:57:40 api_request.go:48: OUT-MFT - PON5680827 : updated to BLR server
SUCCESS: 2025/01/17 14:57:40 api_request.go:48: OUT-MFT - PON2976171 : updated to BLR server
SUCCESS: 2025/01/17 14:57:40 api_request.go:48: OUT-MFT - PON5682470 : updated to BLR server
SUCCESS: 2025/01/17 14:57:40 api_request.go:48: OUT-MFT - PON7195474 : updated to BLR server
SUCCESS: 2025/01/17 14:57:40 api_request.go:48: OUT-MFT - PON7195473 : updated to BLR server
SUCCESS: 2025/01/17 14:57:41 api_request.go:48: OUT-MFT - PON5681779 : updated to BLR server
SUCCESS: 2025/01/17 14:57:41 api_request.go:48: OUT-MFT - PON7900228 : updated to BLR server
SUCCESS: 2025/01/17 14:57:41 api_request.go:48: OUT-MFT - PON5682156 : updated to BLR server
SUCCESS: 2025/01/17 14:57:41 api_request.go:48: OUT-MFT - PON5682155 : updated to BLR server
SUCCESS: 2025/01/17 14:57:41 api_request.go:48: OUT-MFT - PON5222595 : updated to BLR server
SUCCESS: 2025/01/17 14:57:41 api_request.go:48: OUT-MFT - PON7195469 : updated to BLR server
SUCCESS: 2025/01/17 14:57:41 api_request.go:48: OUT-MFT - PON7313807 : updated to BLR server
SUCCESS: 2025/01/17 14:57:41 api_request.go:48: OUT-MFT - PON5222618 : updated to BLR server
SUCCESS: 2025/01/17 14:57:41 api_request.go:48: OUT-MFT - PON5671638 : updated to BLR server
SUCCESS: 2025/01/17 14:57:41 api_request.go:48: OUT-MFT - PON4636018 : updated to BLR server
SUCCESS: 2025/01/17 14:57:41 api_request.go:48: OUT-MFT - PON5682153 : updated to BLR server
SUCCESS: 2025/01/17 14:57:41 api_request.go:48: OUT-MFT - PON4636033 : updated to BLR server
SUCCESS: 2025/01/17 14:57:41 api_request.go:48: OUT-MFT - PON5499125 : updated to BLR server
SUCCESS: 2025/01/17 14:57:41 api_request.go:48: OUT-MFT - MAA867415615 : updated to BLR server
SUCCESS: 2025/01/17 14:57:41 api_request.go:48: OUT-MFT - PON7586546 : updated to BLR server
SUCCESS: 2025/01/17 14:57:41 api_request.go:48: OUT-MFT - PON7313815 : updated to BLR server
SUCCESS: 2025/01/17 14:57:41 api_request.go:48: OUT-MFT - PON4636025 : updated to BLR server
SUCCESS: 2025/01/17 14:57:42 api_request.go:48: OUT-MFT - PON5222582 : updated to BLR server
SUCCESS: 2025/01/17 14:57:42 api_request.go:48: OUT-MFT - PON7586534 : updated to BLR server
SUCCESS: 2025/01/17 14:57:42 api_request.go:48: OUT-MFT - PON7313816 : updated to BLR server
SUCCESS: 2025/01/17 14:57:42 api_request.go:48: OUT-MFT - PON4636020 : updated to BLR server
SUCCESS: 2025/01/17 14:57:42 api_request.go:48: OUT-MFT - PON15297 : updated to BLR server
SUCCESS: 2025/01/17 14:57:42 api_request.go:48: OUT-MFT - PON9613512 : updated to BLR server
SUCCESS: 2025/01/17 14:57:42 api_request.go:48: OUT-MFT - PON3702318 : updated to BLR server
SUCCESS: 2025/01/17 14:57:42 api_request.go:48: OUT-MFT - PON4638376 : updated to BLR server
SUCCESS: 2025/01/17 14:57:42 api_request.go:48: OUT-MFT - PON8561184 : updated to BLR server
SUCCESS: 2025/01/17 14:57:42 api_request.go:48: OUT-MFT - PON8247360 : updated to BLR server
SUCCESS: 2025/01/17 14:57:42 api_request.go:48: OUT-MFT - PON7902694 : updated to BLR server
SUCCESS: 2025/01/17 14:57:42 api_request.go:48: OUT-MFT - PON8247169 : updated to BLR server
SUCCESS: 2025/01/17 14:57:42 api_request.go:48: OUT-MFT - PON7902693 : updated to BLR server
SUCCESS: 2025/01/17 14:57:42 api_request.go:48: OUT-MFT - PON7902691 : updated to BLR server
SUCCESS: 2025/01/17 14:57:42 api_request.go:48: OUT-MFT - PON8717784 : updated to BLR server
SUCCESS: 2025/01/17 14:57:43 api_request.go:48: OUT-MFT - PON8247859 : updated to BLR server
SUCCESS: 2025/01/17 14:57:43 api_request.go:48: OUT-MFT - PON7902692 : updated to BLR server
SUCCESS: 2025/01/17 14:57:43 api_request.go:48: OUT-MFT - PON8717785 : updated to BLR server
SUCCESS: 2025/01/17 14:57:43 api_request.go:48: OUT-MFT - PON6149029 : updated to BLR server
SUCCESS: 2025/01/17 14:57:43 api_request.go:48: OUT-MFT - PON6610205 : updated to BLR server
SUCCESS: 2025/01/17 14:57:43 api_request.go:48: OUT-MFT - PON7903466 : updated to BLR server
SUCCESS: 2025/01/17 14:57:43 api_request.go:48: OUT-MFT - PON7903459 : updated to BLR server
SUCCESS: 2025/01/17 14:57:43 api_request.go:48: OUT-MFT - PON9612516 : updated to BLR server
SUCCESS: 2025/01/17 14:57:43 api_request.go:48: OUT-MFT - PON9359660 : updated to BLR server
SUCCESS: 2025/01/17 14:57:43 api_request.go:48: OUT-MFT - PON9613464 : updated to BLR server
SUCCESS: 2025/01/17 14:57:44 api_request.go:48: OUT-MFT - PON6610251 : updated to BLR server
SUCCESS: 2025/01/17 14:57:44 api_request.go:48: OUT-MFT - PON9213006 : updated to BLR server
SUCCESS: 2025/01/17 14:57:44 api_request.go:48: OUT-MFT - PON9613310 : updated to BLR server
SUCCESS: 2025/01/17 14:57:44 api_request.go:48: OUT-MFT - PON9213007 : updated to BLR server
SUCCESS: 2025/01/17 14:57:44 api_request.go:48: OUT-MFT - PON908879 : updated to BLR server
SUCCESS: 2025/01/17 14:57:44 api_request.go:48: OUT-MFT - PON6610319 : updated to BLR server
SUCCESS: 2025/01/17 14:57:44 api_request.go:48: OUT-MFT - PON9613314 : updated to BLR server
SUCCESS: 2025/01/17 14:57:44 api_request.go:48: OUT-MFT - PON3702196 : updated to BLR server
SUCCESS: 2025/01/17 14:57:44 api_request.go:48: OUT-MFT - PON5680332 : updated to BLR server
SUCCESS: 2025/01/17 14:57:44 api_request.go:48: OUT-MFT - PON5682171 : updated to BLR server
SUCCESS: 2025/01/17 14:57:44 api_request.go:48: OUT-MFT - PON5222606 : updated to BLR server
SUCCESS: 2025/01/17 14:57:44 api_request.go:48: OUT-MFT - PON1700701 : updated to BLR server
SUCCESS: 2025/01/17 14:57:44 api_request.go:48: OUT-MFT - PON1700707 : updated to BLR server
SUCCESS: 2025/01/17 14:57:45 api_request.go:48: OUT-MFT - PON1700708 : updated to BLR server
SUCCESS: 2025/01/17 14:57:45 api_request.go:48: OUT-MFT - PON1700904 : updated to BLR server
SUCCESS: 2025/01/17 14:57:45 api_request.go:48: OUT-MFT - PON7903355 : updated to BLR server
SUCCESS: 2025/01/17 14:57:45 api_request.go:48: OUT-MFT - PON7586542 : updated to BLR server
SUCCESS: 2025/01/17 14:57:45 api_request.go:48: OUT-MFT - PON7901759 : updated to BLR server
SUCCESS: 2025/01/17 14:57:45 api_request.go:48: OUT-MFT - PON7903706 : updated to BLR server
SUCCESS: 2025/01/17 14:57:45 api_request.go:48: OUT-MFT - PON727660 : updated to BLR server
SUCCESS: 2025/01/17 14:57:45 api_request.go:48: OUT-MFT - PON1700877 : updated to BLR server
SUCCESS: 2025/01/17 14:57:45 api_request.go:48: OUT-MFT - PON2976176 : updated to BLR server
SUCCESS: 2025/01/17 14:57:45 api_request.go:48: OUT-MFT - PON5222611 : updated to BLR server
SUCCESS: 2025/01/17 14:57:45 api_request.go:48: OUT-MFT - PON7195424 : updated to BLR server
SUCCESS: 2025/01/17 14:57:45 api_request.go:48: OUT-MFT - PON7885229 : updated to BLR server
SUCCESS: 2025/01/17 14:57:45 api_request.go:48: OUT-MFT - PON7063785 : updated to BLR server
SUCCESS: 2025/01/17 14:57:46 api_request.go:48: OUT-MFT - PON7063443 : updated to BLR server
SUCCESS: 2025/01/17 14:57:46 api_request.go:48: OUT-MFT - PON7885320 : updated to BLR server
SUCCESS: 2025/01/17 14:57:46 api_request.go:48: OUT-MFT - PON7195436 : updated to BLR server
SUCCESS: 2025/01/17 14:57:46 api_request.go:48: OUT-MFT - PON7063792 : updated to BLR server
SUCCESS: 2025/01/17 14:57:46 api_request.go:48: OUT-MFT - PON7885339 : updated to BLR server
SUCCESS: 2025/01/17 14:57:46 api_request.go:48: OUT-MFT - PON2976893 : updated to BLR server
SUCCESS: 2025/01/17 14:57:46 api_request.go:48: OUT-MFT - PON7885319 : updated to BLR server
SUCCESS: 2025/01/17 14:57:46 api_request.go:48: OUT-MFT - PON7885220 : updated to BLR server
SUCCESS: 2025/01/17 14:57:46 api_request.go:48: OUT-MFT - PON5680829 : updated to BLR server
SUCCESS: 2025/01/17 14:57:46 api_request.go:48: OUT-MFT - PON7063806 : updated to BLR server
SUCCESS: 2025/01/17 14:57:46 api_request.go:48: OUT-MFT - PON7195603 : updated to BLR server
SUCCESS: 2025/01/17 14:57:46 api_request.go:48: OUT-MFT - PON7195439 : updated to BLR server
SUCCESS: 2025/01/17 14:57:46 api_request.go:48: OUT-MFT - PON7195475 : updated to BLR server
SUCCESS: 2025/01/17 14:57:46 api_request.go:48: OUT-MFT - PON7885223 : updated to BLR server
SUCCESS: 2025/01/17 14:57:46 api_request.go:48: OUT-MFT - PON7885217 : updated to BLR server
SUCCESS: 2025/01/17 14:57:46 api_request.go:48: OUT-MFT - PON7063444 : updated to BLR server
SUCCESS: 2025/01/17 14:57:46 api_request.go:48: OUT-MFT - PON7684255 : updated to BLR server
SUCCESS: 2025/01/17 14:57:47 api_request.go:48: OUT-MFT - PON7195751 : updated to BLR server
SUCCESS: 2025/01/17 14:57:47 api_request.go:48: OUT-MFT - PON5682152 : updated to BLR server
SUCCESS: 2025/01/17 14:57:47 api_request.go:48: OUT-MFT - PON5499117 : updated to BLR server
SUCCESS: 2025/01/17 14:57:47 api_request.go:48: OUT-MFT - PON5499118 : updated to BLR server
SUCCESS: 2025/01/17 14:57:47 api_request.go:48: OUT-MFT - PON5681778 : updated to BLR server
SUCCESS: 2025/01/17 14:57:47 api_request.go:48: OUT-MFT - PON7903091 : updated to BLR server
SUCCESS: 2025/01/17 14:57:47 api_request.go:48: OUT-MFT - PON7195517 : updated to BLR server
SUCCESS: 2025/01/17 14:57:47 api_request.go:48: OUT-MFT - PON7195522 : updated to BLR server
SUCCESS: 2025/01/17 14:57:47 api_request.go:48: OUT-MFT - PON3667642 : updated to BLR server
SUCCESS: 2025/01/17 14:57:47 api_request.go:48: OUT-MFT - PON5499102 : updated to BLR server
SUCCESS: 2025/01/17 14:57:47 api_request.go:48: OUT-MFT - PON5222614 : updated to BLR server
SUCCESS: 2025/01/17 14:57:48 api_request.go:48: OUT-MFT - PON1329504 : updated to BLR server
SUCCESS: 2025/01/17 14:57:48 api_request.go:48: OUT-MFT - PON7885221 : updated to BLR server
SUCCESS: 2025/01/17 14:57:48 api_request.go:48: OUT-MFT - PON7885311 : updated to BLR server
SUCCESS: 2025/01/17 14:57:48 api_request.go:48: OUT-MFT - PON6610020 : updated to BLR server
SUCCESS: 2025/01/17 14:57:48 api_request.go:48: OUT-MFT - PON6406195 : updated to BLR server
SUCCESS: 2025/01/17 14:57:48 api_request.go:48: OUT-MFT - PON6406199 : updated to BLR server
SUCCESS: 2025/01/17 14:57:48 api_request.go:48: OUT-MFT - PON1700597 : updated to BLR server
SUCCESS: 2025/01/17 14:57:48 api_request.go:48: OUT-MFT - PON3702137 : updated to BLR server
SUCCESS: 2025/01/17 14:57:48 api_request.go:48: OUT-MFT - PON8561178 : updated to BLR server
SUCCESS: 2025/01/17 14:57:48 api_request.go:48: OUT-MFT - PON3702139 : updated to BLR server
SUCCESS: 2025/01/17 14:57:48 api_request.go:48: OUT-MFT - PON1700800 : updated to BLR server
SUCCESS: 2025/01/17 14:57:49 api_request.go:48: OUT-MFT - PON3702314 : updated to BLR server
SUCCESS: 2025/01/17 14:57:49 api_request.go:48: OUT-MFT - PON3702319 : updated to BLR server
SUCCESS: 2025/01/17 14:57:49 api_request.go:48: OUT-MFT - PON1700287 : updated to BLR server
SUCCESS: 2025/01/17 14:57:49 api_request.go:48: OUT-MFT - PON9613335 : updated to BLR server
SUCCESS: 2025/01/17 14:57:49 api_request.go:48: OUT-MFT - PON3702306 : updated to BLR server
SUCCESS: 2025/01/17 14:57:49 api_request.go:48: OUT-MFT - PON5222578 : updated to BLR server
SUCCESS: 2025/01/17 14:57:49 api_request.go:48: OUT-MFT - PON7885186 : updated to BLR server
SUCCESS: 2025/01/17 14:57:49 api_request.go:48: OUT-MFT - PON7885219 : updated to BLR server
SUCCESS: 2025/01/17 14:57:49 api_request.go:48: OUT-MFT - PON7902260 : updated to BLR server
SUCCESS: 2025/01/17 14:57:49 api_request.go:48: OUT-MFT - PON7586544 : updated to BLR server
SUCCESS: 2025/01/17 14:57:49 api_request.go:48: OUT-MFT - PON7313810 : updated to BLR server
SUCCESS: 2025/01/17 14:57:49 api_request.go:48: OUT-MFT - PON5682175 : updated to BLR server
SUCCESS: 2025/01/17 14:57:49 api_request.go:48: OUT-MFT - PON7586528 : updated to BLR server
SUCCESS: 2025/01/17 14:57:49 api_request.go:48: OUT-MFT - PON5222616 : updated to BLR server
SUCCESS: 2025/01/17 14:57:49 api_request.go:48: OUT-MFT - PON5682191 : updated to BLR server
SUCCESS: 2025/01/17 14:57:49 api_request.go:48: OUT-MFT - PON4638360 : updated to BLR server
SUCCESS: 2025/01/17 14:57:50 api_request.go:48: OUT-MFT - PON3702190 : updated to BLR server
SUCCESS: 2025/01/17 14:57:50 api_request.go:48: OUT-MFT - PON5681780 : updated to BLR server
SUCCESS: 2025/01/17 14:57:50 api_request.go:48: OUT-MFT - PON8247855 : updated to BLR server
SUCCESS: 2025/01/17 14:57:50 api_request.go:48: OUT-MFT - PON7903406 : updated to BLR server
SUCCESS: 2025/01/17 14:57:50 api_request.go:48: OUT-MFT - PON3702204 : updated to BLR server
SUCCESS: 2025/01/17 14:57:50 api_request.go:48: OUT-MFT - PON7903468 : updated to BLR server
SUCCESS: 2025/01/17 14:57:50 api_request.go:48: OUT-MFT - PON7903407 : updated to BLR server
SUCCESS: 2025/01/17 14:57:50 api_request.go:48: OUT-MFT - PON9613461 : updated to BLR server
SUCCESS: 2025/01/17 14:57:50 api_request.go:48: OUT-MFT - PON6610267 : updated to BLR server
SUCCESS: 2025/01/17 14:57:50 api_request.go:48: OUT-MFT - PON6610270 : updated to BLR server
SUCCESS: 2025/01/17 14:57:50 api_request.go:48: OUT-MFT - PON6610281 : updated to BLR server
SUCCESS: 2025/01/17 14:57:50 api_request.go:48: OUT-MFT - PON6406012 : updated to BLR server
SUCCESS: 2025/01/17 14:57:50 api_request.go:48: OUT-MFT - PON6610317 : updated to BLR server
SUCCESS: 2025/01/17 14:57:50 api_request.go:48: OUT-MFT - PON7902192 : updated to BLR server
SUCCESS: 2025/01/17 14:57:50 api_request.go:48: OUT-MFT - PON6149409 : updated to BLR server
SUCCESS: 2025/01/17 14:57:51 api_request.go:48: OUT-MFT - PON6149044 : updated to BLR server
SUCCESS: 2025/01/17 14:57:51 api_request.go:48: OUT-MFT - PON6149046 : updated to BLR server
SUCCESS: 2025/01/17 14:57:51 api_request.go:48: OUT-MFT - PON6406198 : updated to BLR server
SUCCESS: 2025/01/17 14:57:51 api_request.go:48: OUT-MFT - PON5680717 : updated to BLR server
SUCCESS: 2025/01/17 14:57:51 api_request.go:48: OUT-MFT - PON6610204 : updated to BLR server
SUCCESS: 2025/01/17 14:57:51 api_request.go:48: OUT-MFT - PON6149410 : updated to BLR server
SUCCESS: 2025/01/17 14:57:51 api_request.go:48: OUT-MFT - PON1329506 : updated to BLR server
SUCCESS: 2025/01/17 14:57:51 api_request.go:48: OUT-MFT - PON1699200 : updated to BLR server
SUCCESS: 2025/01/17 14:57:51 api_request.go:48: OUT-MFT - PON5682165 : updated to BLR server
SUCCESS: 2025/01/17 14:57:51 api_request.go:48: OUT-MFT - PON5682067 : updated to BLR server
SUCCESS: 2025/01/17 14:57:51 api_request.go:48: OUT-MFT - PON5222601 : updated to BLR server
SUCCESS: 2025/01/17 14:57:51 api_request.go:48: OUT-MFT - PON5682047 : updated to BLR server
SUCCESS: 2025/01/17 14:57:51 api_request.go:48: OUT-MFT - PON5682071 : updated to BLR server
SUCCESS: 2025/01/17 14:57:51 api_request.go:48: OUT-MFT - PON7063789 : updated to BLR server
SUCCESS: 2025/01/17 14:57:51 api_request.go:48: OUT-MFT - PON1700702 : updated to BLR server
SUCCESS: 2025/01/17 14:57:51 api_request.go:48: OUT-MFT - PON7313819 : updated to BLR server
SUCCESS: 2025/01/17 14:57:51 api_request.go:48: OUT-MFT - PON7902424 : updated to BLR server
SUCCESS: 2025/01/17 14:57:51 api_request.go:48: OUT-MFT - PON6149036 : updated to BLR server
SUCCESS: 2025/01/17 14:57:52 api_request.go:48: OUT-MFT - PON7063771 : updated to BLR server
SUCCESS: 2025/01/17 14:57:52 api_request.go:48: OUT-MFT - PON9613274 : updated to BLR server
SUCCESS: 2025/01/17 14:57:52 api_request.go:48: OUT-MFT - PON7885341 : updated to BLR server
SUCCESS: 2025/01/17 14:57:52 api_request.go:48: OUT-MFT - PON7063779 : updated to BLR server
SUCCESS: 2025/01/17 14:57:52 api_request.go:48: OUT-MFT - PON5682073 : updated to BLR server
SUCCESS: 2025/01/17 14:57:52 api_request.go:48: OUT-MFT - PON3449595 : updated to BLR server
SUCCESS: 2025/01/17 14:57:52 api_request.go:48: OUT-MFT - PON727661 : updated to BLR server
SUCCESS: 2025/01/17 14:57:52 api_request.go:48: OUT-MFT - PON727656 : updated to BLR server
SUCCESS: 2025/01/17 14:57:52 api_request.go:48: OUT-MFT - PON7313804 : updated to BLR server
SUCCESS: 2025/01/17 14:57:52 api_request.go:48: OUT-MFT - PON5222644 : updated to BLR server
SUCCESS: 2025/01/17 14:57:52 api_request.go:48: OUT-MFT - PON5222602 : updated to BLR server
SUCCESS: 2025/01/17 14:57:52 api_request.go:48: OUT-MFT - PON5682062 : updated to BLR server
SUCCESS: 2025/01/17 14:57:52 api_request.go:48: OUT-MFT - PON7902245 : updated to BLR server
SUCCESS: 2025/01/17 14:57:52 api_request.go:48: OUT-MFT - PON5499109 : updated to BLR server
SUCCESS: 2025/01/17 14:57:52 api_request.go:48: OUT-MFT - PON5222643 : updated to BLR server
SUCCESS: 2025/01/17 14:57:52 api_request.go:48: OUT-MFT - PON5222615 : updated to BLR server
SUCCESS: 2025/01/17 14:57:53 api_request.go:48: OUT-MFT - PON5222577 : updated to BLR server
SUCCESS: 2025/01/17 14:57:53 api_request.go:48: OUT-MFT - PON2976182 : updated to BLR server
SUCCESS: 2025/01/17 14:57:53 api_request.go:48: OUT-MFT - PON7195605 : updated to BLR server
SUCCESS: 2025/01/17 14:57:53 api_request.go:48: OUT-MFT - PON5681784 : updated to BLR server
SUCCESS: 2025/01/17 14:57:53 api_request.go:48: OUT-MFT - PON5682063 : updated to BLR server
SUCCESS: 2025/01/17 14:57:53 api_request.go:48: OUT-MFT - PON7063774 : updated to BLR server
SUCCESS: 2025/01/17 14:57:53 api_request.go:48: OUT-MFT - PON2976191 : updated to BLR server
SUCCESS: 2025/01/17 14:57:53 api_request.go:48: OUT-MFT - PON7885187 : updated to BLR server
SUCCESS: 2025/01/17 14:57:54 api_request.go:48: OUT-MFT - PON7313800 : updated to BLR server
SUCCESS: 2025/01/17 14:57:54 api_request.go:48: OUT-MFT - PON2976177 : updated to BLR server
SUCCESS: 2025/01/17 14:57:54 api_request.go:48: OUT-MFT - PON7885224 : updated to BLR server
SUCCESS: 2025/01/17 14:57:54 api_request.go:48: OUT-MFT - PON5222638 : updated to BLR server
SUCCESS: 2025/01/17 14:57:54 api_request.go:48: OUT-MFT - PON5682160 : updated to BLR server
SUCCESS: 2025/01/17 14:57:54 api_request.go:48: OUT-MFT - PON7902242 : updated to BLR server
SUCCESS: 2025/01/17 14:57:54 api_request.go:48: OUT-MFT - PON1700592 : updated to BLR server
SUCCESS: 2025/01/17 14:57:54 api_request.go:48: OUT-MFT - PON5222594 : updated to BLR server
SUCCESS: 2025/01/17 14:57:54 api_request.go:48: OUT-MFT - PON5681781 : updated to BLR server
SUCCESS: 2025/01/17 14:57:54 api_request.go:48: OUT-MFT - PON1700593 : updated to BLR server
SUCCESS: 2025/01/17 14:57:54 api_request.go:48: OUT-MFT - PON5222637 : updated to BLR server
SUCCESS: 2025/01/17 14:57:54 api_request.go:48: OUT-MFT - PON7903356 : updated to BLR server
SUCCESS: 2025/01/17 14:57:54 api_request.go:48: OUT-MFT - PON7903155 : updated to BLR server
SUCCESS: 2025/01/17 14:57:54 api_request.go:48: OUT-MFT - PON7903153 : updated to BLR server
SUCCESS: 2025/01/17 14:57:54 api_request.go:48: OUT-MFT - PON2976787 : updated to BLR server
SUCCESS: 2025/01/17 14:57:55 api_request.go:48: OUT-MFT - PON2976788 : updated to BLR server
SUCCESS: 2025/01/17 14:57:55 api_request.go:48: OUT-MFT - PON1699196 : updated to BLR server
SUCCESS: 2025/01/17 14:57:55 api_request.go:48: OUT-MFT - PON5681790 : updated to BLR server
SUCCESS: 2025/01/17 14:57:55 api_request.go:48: OUT-MFT - PON7903154 : updated to BLR server
SUCCESS: 2025/01/17 14:57:55 api_request.go:48: OUT-MFT - PON2378179 : updated to BLR server
SUCCESS: 2025/01/17 14:57:55 api_request.go:48: OUT-MFT - PON5222588 : updated to BLR server
SUCCESS: 2025/01/17 14:57:55 api_request.go:48: OUT-MFT - PON2976264 : updated to BLR server
SUCCESS: 2025/01/17 14:57:55 api_request.go:48: OUT-MFT - PON5680445 : updated to BLR server
SUCCESS: 2025/01/17 14:57:55 api_request.go:48: OUT-MFT - PON2122191 : updated to BLR server
SUCCESS: 2025/01/17 14:57:55 api_request.go:48: OUT-MFT - PON7903704 : updated to BLR server
SUCCESS: 2025/01/17 14:57:55 api_request.go:48: OUT-MFT - PON4638374 : updated to BLR server
SUCCESS: 2025/01/17 14:57:55 api_request.go:48: OUT-MFT - PON5222580 : updated to BLR server
SUCCESS: 2025/01/17 14:57:55 api_request.go:48: OUT-MFT - PON7586540 : updated to BLR server
SUCCESS: 2025/01/17 14:57:55 api_request.go:48: OUT-MFT - PON5682066 : updated to BLR server
SUCCESS: 2025/01/17 14:57:55 api_request.go:48: OUT-MFT - PON1697608 : updated to BLR server
SUCCESS: 2025/01/17 14:57:55 api_request.go:48: OUT-MFT - PON5682061 : updated to BLR server
SUCCESS: 2025/01/17 14:57:55 api_request.go:48: OUT-MFT - PON7582647 : updated to BLR server
SUCCESS: 2025/01/17 14:57:55 api_request.go:48: OUT-MFT - PON7313811 : updated to BLR server
SUCCESS: 2025/01/17 14:57:56 api_request.go:48: OUT-MFT - PON1700905 : updated to BLR server
SUCCESS: 2025/01/17 14:57:56 api_request.go:48: OUT-MFT - PON1700686 : updated to BLR server
SUCCESS: 2025/01/17 14:57:56 api_request.go:48: OUT-MFT - PON7063801 : updated to BLR server
SUCCESS: 2025/01/17 14:57:56 api_request.go:48: OUT-MFT - PON7885227 : updated to BLR server
SUCCESS: 2025/01/17 14:57:56 api_request.go:48: OUT-MFT - PON7885231 : updated to BLR server
SUCCESS: 2025/01/17 14:57:56 api_request.go:48: OUT-MFT - PON7063781 : updated to BLR server
SUCCESS: 2025/01/17 14:57:56 api_request.go:48: OUT-MFT - PON7063767 : updated to BLR server
SUCCESS: 2025/01/17 14:57:56 api_request.go:48: OUT-MFT - PON7885338 : updated to BLR server
SUCCESS: 2025/01/17 14:57:56 api_request.go:48: OUT-MFT - PON7885337 : updated to BLR server
SUCCESS: 2025/01/17 14:57:56 api_request.go:48: OUT-MFT - PON7885335 : updated to BLR server
SUCCESS: 2025/01/17 14:57:56 api_request.go:48: OUT-MFT - PON7885306 : updated to BLR server
SUCCESS: 2025/01/17 14:57:56 api_request.go:48: OUT-MFT - PON7582646 : updated to BLR server
SUCCESS: 2025/01/17 14:57:56 api_request.go:48: OUT-MFT - PON9613436 : updated to BLR server
SUCCESS: 2025/01/17 14:57:56 api_request.go:48: OUT-MFT - PON4636268 : updated to BLR server
SUCCESS: 2025/01/17 14:57:56 api_request.go:48: OUT-MFT - PON4636835 : updated to BLR server
SUCCESS: 2025/01/17 14:57:56 api_request.go:48: OUT-MFT - PON9613479 : updated to BLR server
SUCCESS: 2025/01/17 14:57:56 api_request.go:48: OUT-MFT - PON4636841 : updated to BLR server
SUCCESS: 2025/01/17 14:57:56 api_request.go:48: OUT-MFT - PON4636831 : updated to BLR server
SUCCESS: 2025/01/17 14:57:56 api_request.go:48: OUT-MFT - PON4636845 : updated to BLR server
SUCCESS: 2025/01/17 14:57:57 api_request.go:48: OUT-MFT - PON909001 : updated to BLR server
SUCCESS: 2025/01/17 14:57:57 api_request.go:48: OUT-MFT - PON909397 : updated to BLR server
SUCCESS: 2025/01/17 14:57:57 api_request.go:48: OUT-MFT - PON909321 : updated to BLR server
SUCCESS: 2025/01/17 14:57:57 api_request.go:48: OUT-MFT - PON909315 : updated to BLR server
SUCCESS: 2025/01/17 14:57:57 api_request.go:48: OUT-MFT - PON908964 : updated to BLR server
SUCCESS: 2025/01/17 14:57:57 api_request.go:48: OUT-MFT - PON909334 : updated to BLR server
SUCCESS: 2025/01/17 14:57:57 api_request.go:48: OUT-MFT - PON909338 : updated to BLR server
SUCCESS: 2025/01/17 14:57:57 api_request.go:48: OUT-MFT - PON909336 : updated to BLR server
SUCCESS: 2025/01/17 14:57:57 api_request.go:48: OUT-MFT - PON909255 : updated to BLR server
SUCCESS: 2025/01/17 14:57:58 api_request.go:48: OUT-MFT - PON1700864 : updated to BLR server
SUCCESS: 2025/01/17 14:57:58 api_request.go:48: OUT-MFT - PON1700908 : updated to BLR server
SUCCESS: 2025/01/17 14:57:58 api_request.go:48: OUT-MFT - PON5499129 : updated to BLR server
SUCCESS: 2025/01/17 14:57:58 api_request.go:48: OUT-MFT - PON7586537 : updated to BLR server
SUCCESS: 2025/01/17 14:57:58 api_request.go:48: OUT-MFT - PON2976794 : updated to BLR server
SUCCESS: 2025/01/17 14:57:58 api_request.go:48: OUT-MFT - PON2976792 : updated to BLR server
SUCCESS: 2025/01/17 14:57:58 api_request.go:48: OUT-MFT - PON7902962 : updated to BLR server
SUCCESS: 2025/01/17 14:57:58 api_request.go:48: OUT-MFT - PRO17121015 : updated to BLR server
SUCCESS: 2025/01/17 14:57:58 api_request.go:48: OUT-MFT - PRO17121013 : updated to BLR server
SUCCESS: 2025/01/17 14:57:58 api_request.go:48: OUT-MFT - PRO17121012 : updated to BLR server
SUCCESS: 2025/01/17 14:57:59 api_request.go:48: OUT-MFT - PRO17121014 : updated to BLR server
SUCCESS: 2025/01/17 14:58:00 api_request.go:48: OUT-MFT - PRO17121027 : updated to BLR server
SUCCESS: 2025/01/17 14:58:00 api_request.go:48: OUT-MFT - PRO17121016 : updated to BLR server
SUCCESS: 2025/01/17 14:58:00 api_request.go:48: OUT-MFT - PRO17121023 : updated to BLR server
SUCCESS: 2025/01/17 14:58:01 api_request.go:48: OUT-MFT - PON4636019 : updated to BLR server
SUCCESS: 2025/01/17 14:58:01 api_request.go:48: OUT-MFT - PRO17047567 : updated to BLR server
SUCCESS: 2025/01/17 14:58:02 api_request.go:48: OUT-MFT - PRO17039476 : updated to BLR server
SUCCESS: 2025/01/17 14:58:02 api_request.go:48: OUT-MFT - PRO17120982 : updated to BLR server
SUCCESS: 2025/01/17 14:58:02 api_request.go:48: OUT-MFT - PON2976288 : updated to BLR server
SUCCESS: 2025/01/17 14:58:02 api_request.go:48: OUT-MFT - PON2976282 : updated to BLR server
SUCCESS: 2025/01/17 14:58:02 api_request.go:48: OUT-MFT - PON2976790 : updated to BLR server
SUCCESS: 2025/01/17 14:58:02 api_request.go:48: OUT-MFT - PON2976189 : updated to BLR server
SUCCESS: 2025/01/17 14:58:02 api_request.go:48: OUT-MFT - PON2976793 : updated to BLR server
SUCCESS: 2025/01/17 14:58:02 api_request.go:48: OUT-MFT - PON5676925 : updated to BLR server
SUCCESS: 2025/01/17 14:58:03 api_request.go:48: OUT-MFT - PON5682471 : updated to BLR server
SUCCESS: 2025/01/17 14:58:03 api_request.go:48: OUT-MFT - PON5222617 : updated to BLR server
SUCCESS: 2025/01/17 14:58:03 api_request.go:48: OUT-MFT - PON7902259 : updated to BLR server
SUCCESS: 2025/01/17 14:58:03 api_request.go:48: OUT-MFT - PON4636021 : updated to BLR server
SUCCESS: 2025/01/17 14:58:03 api_request.go:48: OUT-MFT - PON1697610 : updated to BLR server
SUCCESS: 2025/01/17 14:58:03 api_request.go:48: OUT-MFT - PON1697609 : updated to BLR server
SUCCESS: 2025/01/17 14:58:04 api_request.go:48: OUT-MFT - PON1700913 : updated to BLR server
SUCCESS: 2025/01/17 14:58:04 api_request.go:48: OUT-MFT - PON1700684 : updated to BLR server
SUCCESS: 2025/01/17 14:58:04 api_request.go:48: OUT-MFT - PON1700680 : updated to BLR server
SUCCESS: 2025/01/17 14:58:04 api_request.go:48: OUT-MFT - PON1700681 : updated to BLR server
SUCCESS: 2025/01/17 14:58:04 api_request.go:48: OUT-MFT - PON1700679 : updated to BLR server
SUCCESS: 2025/01/17 14:58:05 api_request.go:48: OUT-MFT - PON1700678 : updated to BLR server
SUCCESS: 2025/01/17 14:58:05 api_request.go:48: OUT-MFT - PON1700676 : updated to BLR server
SUCCESS: 2025/01/17 14:58:05 api_request.go:48: OUT-MFT - PON3701827 : updated to BLR server
SUCCESS: 2025/01/17 14:58:05 api_request.go:48: OUT-MFT - PON3701825 : updated to BLR server
SUCCESS: 2025/01/17 14:58:05 api_request.go:48: OUT-MFT - PON4636299 : updated to BLR server
SUCCESS: 2025/01/17 14:58:05 api_request.go:48: OUT-MFT - PON4638386 : updated to BLR server
SUCCESS: 2025/01/17 14:58:05 api_request.go:48: OUT-MFT - VPL225613837 : updated to BLR server
SUCCESS: 2025/01/17 14:58:05 api_request.go:48: OUT-MFT - VPL225613836 : updated to BLR server
SUCCESS: 2025/01/17 14:58:05 api_request.go:48: OUT-MFT - VPL405916039 : updated to BLR server
SUCCESS: 2025/01/17 14:58:06 api_request.go:48: OUT-MFT - KUR3000129462 : updated to BLR server
SUCCESS: 2025/01/17 14:58:06 api_request.go:48: OUT-MFT - VPL224148936 : updated to BLR server
SUCCESS: 2025/01/17 14:58:06 api_request.go:48: OUT-MFT - KUR7002729087 : updated to BLR server
SUCCESS: 2025/01/17 14:58:07 api_request.go:48: OUT-MFT - PON7903104 : updated to BLR server
SUCCESS: 2025/01/17 14:58:07 api_request.go:48: OUT-MFT - VPL405938435 : updated to BLR server
SUCCESS: 2025/01/17 14:58:07 api_request.go:48: OUT-MFT - VPL224042247 : updated to BLR server
SUCCESS: 2025/01/17 14:58:07 api_request.go:48: OUT-MFT - VPL224041875 : updated to BLR server
SUCCESS: 2025/01/17 14:58:08 api_request.go:48: OUT-MFT - PON3449588 : updated to BLR server
SUCCESS: 2025/01/17 14:58:08 api_request.go:48: OUT-MFT - VPL224941102 : updated to BLR server
SUCCESS: 2025/01/17 14:58:08 api_request.go:48: OUT-MFT - KUR1000868597 : updated to BLR server
SUCCESS: 2025/01/17 14:58:09 api_request.go:48: OUT-MFT - KUR3000124196 : updated to BLR server
SUCCESS: 2025/01/17 14:58:09 api_request.go:48: OUT-MFT - PON4636842 : updated to BLR server
SUCCESS: 2025/01/17 14:58:10 api_request.go:48: OUT-MFT - PON7901526 : updated to BLR server
SUCCESS: 2025/01/17 14:58:10 api_request.go:48: OUT-MFT - PON4636256 : updated to BLR server
SUCCESS: 2025/01/17 14:58:10 api_request.go:48: OUT-MFT - PON7313817 : updated to BLR server
